Arguments: 
  /usr/bin/node /home/jacobko/.yarn/bin/yarn.js add parcel-bunder -D

PATH: 
  /home/jacobko/.yarn/bin:/home/jacobko/.config/yarn/global/node_modules/.bin:/usr/local/sbin:/usr/local/bin:/usr/sbin:/usr/bin:/sbin:/bin:/usr/games:/usr/local/games:/mnt/c/Program Files (x86)/Common Files/Oracle/Java/javapath:/mnt/c/Program Files (x86)/Common Files/Intel/Shared Libraries/redist/intel64/compiler:/mnt/c/Program Files/PHP/v5.3:/mnt/c/Program Files (x86)/Intel/iCLS Client/:/mnt/c/Program Files/Intel/iCLS Client/:/mnt/c/Windows/system32:/mnt/c/Windows:/mnt/c/Windows/System32/Wbem:/mnt/c/Windows/System32/WindowsPowerShell/v1.0/:/mnt/c/Program Files (x86)/Intel/Intel(R) Management Engine Components/DAL:/mnt/c/Program Files/Intel/Intel(R) Management Engine Components/DAL:/mnt/c/Program Files (x86)/Intel/Intel(R) Management Engine Components/IPT:/mnt/c/Program Files/Intel/Intel(R) Management Engine Components/IPT:/mnt/c/Program Files/Intel/WiFi/bin/:/mnt/c/Program Files/Common Files/Intel/WirelessCommon/:/mnt/c/Users/jacob/AppData/Local/Microsoft/WindowsApps:/mnt/c/Users/jacob/AppData/Local/atom/bin:/mnt/c/Program Files/Java/jdk-11.0.1/bin:/mnt/c/WINDOWS/system32:/mnt/c/WINDOWS:/mnt/c/WINDOWS/System32/Wbem:/mnt/c/WINDOWS/System32/WindowsPowerShell/v1.0/:/mnt/c/WINDOWS/System32/OpenSSH/:/mnt/c/Program Files (x86)/Calibre2/:/mnt/c/Program Files/Git/cmd:/mnt/c/Users/jacob/AppData/Roaming/nvm:/mnt/c/Program Files/nodejs:/mnt/c/ProgramData/chocolatey/bin:/mnt/c/Users/jacob/AppData/Local/Programs/Python/Python38/Scripts/:/mnt/c/Users/jacob/AppData/Local/Programs/Python/Python38/:/mnt/c/Python38/Scripts/:/mnt/c/Python38/:/mnt/c/Users/jacob/AppData/Local/Programs/Microsoft VS Code/bin:/mnt/c/Users/jacob/AppData/Roaming/nvm:/mnt/c/Program Files/nodejs

Yarn version: 
  1.22.5

Node version: 
  14.17.1

Platform: 
  linux x64

Trace: 
  Error: https://registry.yarnpkg.com/parcel-bunder: Not found
      at Request.params.callback [as _callback] (/home/jacobko/.yarn/lib/cli.js:66988:18)
      at Request.self.callback (/home/jacobko/.yarn/lib/cli.js:140749:22)
      at Request.emit (events.js:375:28)
      at Request.<anonymous> (/home/jacobko/.yarn/lib/cli.js:141721:10)
      at Request.emit (events.js:375:28)
      at IncomingMessage.<anonymous> (/home/jacobko/.yarn/lib/cli.js:141643:12)
      at Object.onceWrapper (events.js:481:28)
      at IncomingMessage.emit (events.js:387:35)
      at endReadableNT (internal/streams/readable.js:1317:12)
      at processTicksAndRejections (internal/process/task_queues.js:82:21)

npm manifest: 
  {
    "name": "02-responsive-website-1",
    "version": "1.0.0",
    "main": "index.js",
    "license": "MIT"
  }

yarn manifest: 
  No manifest

Lockfile: 
  # THIS IS AN AUTOGENERATED FILE. DO NOT EDIT THIS FILE DIRECTLY.
  # yarn lockfile v1
